File: \AccessibleMarshal.dll
File: \application.ini
File: \blocklist.xml
File: \breakpadinjector.dll
File: \crashreporter.exe
File: \crashreporter.ini
File: \D3DCompiler_43.dll
File: \d3dcompiler_47.dll
File: \dependentlibs.list
File: \freebl3.chk
File: \freebl3.dll
File: \icudt56.dll
File: \icuin56.dll
File: \icuuc56.dll
File: \ldap60.dll
File: \ldif60.dll
File: \lgpllibs.dll
File: \libEGL.dll
File: \libGLESv2.dll
File: \maintenanceservice.exe
File: \maintenanceservice_installer.exe
File: \MapiProxy.dll
File: \mozglue.dll
File: \mozMapi32.dll
File: \msvcp120.dll
File: \msvcr120.dll
File: \nss3.dll
File: \nssckbi.dll
File: \nssdbm3.chk
File: \nssdbm3.dll
File: \omni.ja
File: \platform.ini
File: \plugin-container.exe
File: \precomplete
File: \prldap60.dll
File: \removed-files
File: \sandboxbroker.dll
File: \softokn3.chk
File: \softokn3.dll
File: \thunderbird.exe
File: \update-settings.ini
File: \updater.exe
File: \updater.ini
File: \voucher.bin
File: \WSEnable.exe
File: \xul.dll
File: \uninstall\helper.exe
File: \isp\Bogofilter.sfd
File: \isp\DSPAM.sfd
File: \isp\POPFile.sfd
File: \isp\rss.rdf
File: \isp\SpamAssassin.sfd
File: \isp\SpamPal.sfd
File: \extensions\{972ce4c6-7e08-4474-a285-3208198ce6fd}.xpi
File: \distribution\extensions\{e2fda1a4-762b-4020-b5ad-a41df1933103}\app.ini
File: \distribution\extensions\{e2fda1a4-762b-4020-b5ad-a41df1933103}\chrome.jar
File: \distribution\extensions\{e2fda1a4-762b-4020-b5ad-a41df1933103}\chrome.manifest
File: \distribution\extensions\{e2fda1a4-762b-4020-b5ad-a41df1933103}\install.rdf
File: \distribution\extensions\{e2fda1a4-762b-4020-b5ad-a41df1933103}\timezones\zones.json
File: \distribution\extensions\{e2fda1a4-762b-4020-b5ad-a41df1933103}\modules\calAlarmUtils.jsm
File: \distribution\extensions\{e2fda1a4-762b-4020-b5ad-a41df1933103}\modules\calAsyncUtils.jsm
File: \distribution\extensions\{e2fda1a4-762b-4020-b5ad-a41df1933103}\modules\calAuthUtils.jsm
File: \distribution\extensions\{e2fda1a4-762b-4020-b5ad-a41df1933103}\modules\calExtract.jsm
File: \distribution\extensions\{e2fda1a4-762b-4020-b5ad-a41df1933103}\modules\calHashedArray.jsm
File: \distribution\extensions\{e2fda1a4-762b-4020-b5ad-a41df1933103}\modules\calItemUtils.jsm
File: \distribution\extensions\{e2fda1a4-762b-4020-b5ad-a41df1933103}\modules\calIteratorUtils.jsm
File: \distribution\extensions\{e2fda1a4-762b-4020-b5ad-a41df1933103}\modules\calItipUtils.jsm
File: \distribution\extensions\{e2fda1a4-762b-4020-b5ad-a41df1933103}\modules\calPrintUtils.jsm
File: \distribution\extensions\{e2fda1a4-762b-4020-b5ad-a41df1933103}\modules\calProviderUtils.jsm
File: \distribution\extensions\{e2fda1a4-762b-4020-b5ad-a41df1933103}\modules\calRecurrenceUtils.jsm
File: \distribution\extensions\{e2fda1a4-762b-4020-b5ad-a41df1933103}\modules\calStorageHelpers.jsm
File: \distribution\extensions\{e2fda1a4-762b-4020-b5ad-a41df1933103}\modules\calStorageUpgrade.jsm
File: \distribution\extensions\{e2fda1a4-762b-4020-b5ad-a41df1933103}\modules\calUtils.jsm
File: \distribution\extensions\{e2fda1a4-762b-4020-b5ad-a41df1933103}\modules\calViewUtils.jsm
File: \distribution\extensions\{e2fda1a4-762b-4020-b5ad-a41df1933103}\modules\calXMLUtils.jsm
File: \distribution\extensions\{e2fda1a4-762b-4020-b5ad-a41df1933103}\modules\ical.js
File: \distribution\extensions\{e2fda1a4-762b-4020-b5ad-a41df1933103}\modules\ltnInvitationUtils.jsm
File: \distribution\extensions\{e2fda1a4-762b-4020-b5ad-a41df1933103}\modules\ltnUtils.jsm
File: \distribution\extensions\{e2fda1a4-762b-4020-b5ad-a41df1933103}\defaults\preferences\lightning.js
File: \distribution\extensions\{e2fda1a4-762b-4020-b5ad-a41df1933103}\components\calBackendLoader.js
File: \distribution\extensions\{e2fda1a4-762b-4020-b5ad-a41df1933103}\components\calbasecomps.dll
File: \distribution\extensions\{e2fda1a4-762b-4020-b5ad-a41df1933103}\components\calCompositeCalendar.js
File: \distribution\extensions\{e2fda1a4-762b-4020-b5ad-a41df1933103}\components\calDavCalendar.js
File: \distribution\extensions\{e2fda1a4-762b-4020-b5ad-a41df1933103}\components\calDefaultACLManager.js
File: \distribution\extensions\{e2fda1a4-762b-4020-b5ad-a41df1933103}\components\calICALJSComponents.js
File: \distribution\extensions\{e2fda1a4-762b-4020-b5ad-a41df1933103}\components\calICSCalendar.js
File: \distribution\extensions\{e2fda1a4-762b-4020-b5ad-a41df1933103}\components\calImportExportModule.js
File: \distribution\extensions\{e2fda1a4-762b-4020-b5ad-a41df1933103}\components\calItemModule.js
File: \distribution\extensions\{e2fda1a4-762b-4020-b5ad-a41df1933103}\components\calItipEmailTransport.js
File: \distribution\extensions\{e2fda1a4-762b-4020-b5ad-a41df1933103}\components\calItipProtocolHandler.js
File: \distribution\extensions\{e2fda1a4-762b-4020-b5ad-a41df1933103}\components\calMemoryCalendar.js
File: \distribution\extensions\{e2fda1a4-762b-4020-b5ad-a41df1933103}\components\calSleepMonitor.js
File: \distribution\extensions\{e2fda1a4-762b-4020-b5ad-a41df1933103}\components\calStorageCalendar.js
File: \distribution\extensions\{e2fda1a4-762b-4020-b5ad-a41df1933103}\components\calTimezoneService.js
File: \distribution\extensions\{e2fda1a4-762b-4020-b5ad-a41df1933103}\components\calWcapCalendarModule.js
File: \distribution\extensions\{e2fda1a4-762b-4020-b5ad-a41df1933103}\components\components.manifest
File: \distribution\extensions\{e2fda1a4-762b-4020-b5ad-a41df1933103}\components\icaljs-manifest
File: \distribution\extensions\{e2fda1a4-762b-4020-b5ad-a41df1933103}\components\interfaces.xpt
File: \distribution\extensions\{e2fda1a4-762b-4020-b5ad-a41df1933103}\components\libical-manifest
File: \distribution\extensions\{e2fda1a4-762b-4020-b5ad-a41df1933103}\components\lightningTextCalendarConverter.js
File: \distribution\extensions\{e2fda1a4-762b-4020-b5ad-a41df1933103}\calendar-js\calAlarm.js
File: \distribution\extensions\{e2fda1a4-762b-4020-b5ad-a41df1933103}\calendar-js\calAlarmMonitor.js
File: \distribution\extensions\{e2fda1a4-762b-4020-b5ad-a41df1933103}\calendar-js\calAlarmService.js
File: \distribution\extensions\{e2fda1a4-762b-4020-b5ad-a41df1933103}\calendar-js\calAttachment.js
File: \distribution\extensions\{e2fda1a4-762b-4020-b5ad-a41df1933103}\calendar-js\calAttendee.js
File: \distribution\extensions\{e2fda1a4-762b-4020-b5ad-a41df1933103}\calendar-js\calCachedCalendar.js
File: \distribution\extensions\{e2fda1a4-762b-4020-b5ad-a41df1933103}\calendar-js\calCalendarManager.js
File: \distribution\extensions\{e2fda1a4-762b-4020-b5ad-a41df1933103}\calendar-js\calCalendarSearchService.js
File: \distribution\extensions\{e2fda1a4-762b-4020-b5ad-a41df1933103}\calendar-js\calDateTime.js
File: \distribution\extensions\{e2fda1a4-762b-4020-b5ad-a41df1933103}\calendar-js\calDateTimeFormatter.js
File: \distribution\extensions\{e2fda1a4-762b-4020-b5ad-a41df1933103}\calendar-js\calDavRequestHandlers.js
File: \distribution\extensions\{e2fda1a4-762b-4020-b5ad-a41df1933103}\calendar-js\calDeletedItems.js
File: \distribution\extensions\{e2fda1a4-762b-4020-b5ad-a41df1933103}\calendar-js\calDuration.js
File: \distribution\extensions\{e2fda1a4-762b-4020-b5ad-a41df1933103}\calendar-js\calEvent.js
File: \distribution\extensions\{e2fda1a4-762b-4020-b5ad-a41df1933103}\calendar-js\calFilter.js
File: \distribution\extensions\{e2fda1a4-762b-4020-b5ad-a41df1933103}\calendar-js\calFreeBusyService.js
File: \distribution\extensions\{e2fda1a4-762b-4020-b5ad-a41df1933103}\calendar-js\calHtmlExport.js
File: \distribution\extensions\{e2fda1a4-762b-4020-b5ad-a41df1933103}\calendar-js\calIcsImportExport.js
File: \distribution\extensions\{e2fda1a4-762b-4020-b5ad-a41df1933103}\calendar-js\calIcsParser.js
File: \distribution\extensions\{e2fda1a4-762b-4020-b5ad-a41df1933103}\calendar-js\calIcsSerializer.js
File: \distribution\extensions\{e2fda1a4-762b-4020-b5ad-a41df1933103}\calendar-js\calICSService-worker.js
File: \distribution\extensions\{e2fda1a4-762b-4020-b5ad-a41df1933103}\calendar-js\calICSService.js
File: \distribution\extensions\{e2fda1a4-762b-4020-b5ad-a41df1933103}\calendar-js\calItemBase.js
File: \distribution\extensions\{e2fda1a4-762b-4020-b5ad-a41df1933103}\calendar-js\calItipItem.js
File: \distribution\extensions\{e2fda1a4-762b-4020-b5ad-a41df1933103}\calendar-js\calListFormatter.js
File: \distribution\extensions\{e2fda1a4-762b-4020-b5ad-a41df1933103}\calendar-js\calMonthGridPrinter.js
File: \distribution\extensions\{e2fda1a4-762b-4020-b5ad-a41df1933103}\calendar-js\calOutlookCSVImportExport.js
File: \distribution\extensions\{e2fda1a4-762b-4020-b5ad-a41df1933103}\calendar-js\calPeriod.js
File: \distribution\extensions\{e2fda1a4-762b-4020-b5ad-a41df1933103}\calendar-js\calProtocolHandler.js
File: \distribution\extensions\{e2fda1a4-762b-4020-b5ad-a41df1933103}\calendar-js\calRecurrenceDate.js
File: \distribution\extensions\{e2fda1a4-762b-4020-b5ad-a41df1933103}\calendar-js\calRecurrenceInfo.js
File: \distribution\extensions\{e2fda1a4-762b-4020-b5ad-a41df1933103}\calendar-js\calRecurrenceRule.js
File: \distribution\extensions\{e2fda1a4-762b-4020-b5ad-a41df1933103}\calendar-js\calRelation.js
File: \distribution\extensions\{e2fda1a4-762b-4020-b5ad-a41df1933103}\calendar-js\calStartupService.js
File: \distribution\extensions\{e2fda1a4-762b-4020-b5ad-a41df1933103}\calendar-js\calTimezone.js
File: \distribution\extensions\{e2fda1a4-762b-4020-b5ad-a41df1933103}\calendar-js\calTodo.js
File: \distribution\extensions\{e2fda1a4-762b-4020-b5ad-a41df1933103}\calendar-js\calTransactionManager.js
File: \distribution\extensions\{e2fda1a4-762b-4020-b5ad-a41df1933103}\calendar-js\calUtils.js
File: \distribution\extensions\{e2fda1a4-762b-4020-b5ad-a41df1933103}\calendar-js\calWcapCalendar.js
File: \distribution\extensions\{e2fda1a4-762b-4020-b5ad-a41df1933103}\calendar-js\calWcapCalendarItems.js
File: \distribution\extensions\{e2fda1a4-762b-4020-b5ad-a41df1933103}\calendar-js\calWcapErrors.js
File: \distribution\extensions\{e2fda1a4-762b-4020-b5ad-a41df1933103}\calendar-js\calWcapRequest.js
File: \distribution\extensions\{e2fda1a4-762b-4020-b5ad-a41df1933103}\calendar-js\calWcapSession.js
File: \distribution\extensions\{e2fda1a4-762b-4020-b5ad-a41df1933103}\calendar-js\calWcapUtils.js
File: \distribution\extensions\{e2fda1a4-762b-4020-b5ad-a41df1933103}\calendar-js\calWeekInfoService.js
File: \distribution\extensions\{e2fda1a4-762b-4020-b5ad-a41df1933103}\calendar-js\calWeekPrinter.js
File: \dictionaries\en-US.aff
File: \dictionaries\en-US.dic
File: \defaults\pref\channel-prefs.js
File: \defaults\messenger\mailViews.dat
File: \chrome\icons\default\abcardWindow.ico
File: \chrome\icons\default\addressbookWindow.ico
File: \chrome\icons\default\messengerWindow.ico
File: \chrome\icons\default\msgcomposeWindow.ico
File: \MapiProxy_InUse.dll
File: \mozMapi32_InUse.dll
DLLReg: \AccessibleMarshal.dll
File: \components\compreg.dat
File: \components\xpti.dat
File: \active-update.xml
File: \install.log
File: \install_status.log
File: \install_wizard.log
File: \updates.xml
DLLReg: \MapiProxy_InUse.dll
DLLReg: \MapiProxy_InUse.dll
File: \wow_helper.exe
File: \vcruntime140.dll
File: \ucrtbase.dll
File: \thunderbird.VisualElementsManifest.xml
File: \plugin-hang-ui.exe
File: \msvcp140.dll
File: \fonts\EmojiOneMozilla.ttf
File: \chrome.manifest
File: \api-ms-win-crt-utility-l1-1-0.dll
File: \api-ms-win-crt-time-l1-1-0.dll
File: \api-ms-win-crt-string-l1-1-0.dll
File: \api-ms-win-crt-stdio-l1-1-0.dll
File: \api-ms-win-crt-runtime-l1-1-0.dll
File: \api-ms-win-crt-process-l1-1-0.dll
File: \api-ms-win-crt-private-l1-1-0.dll
File: \api-ms-win-crt-multibyte-l1-1-0.dll
File: \api-ms-win-crt-math-l1-1-0.dll
File: \api-ms-win-crt-locale-l1-1-0.dll
File: \api-ms-win-crt-heap-l1-1-0.dll
File: \api-ms-win-crt-filesystem-l1-1-0.dll
File: \api-ms-win-crt-environment-l1-1-0.dll
File: \api-ms-win-crt-convert-l1-1-0.dll
File: \api-ms-win-crt-conio-l1-1-0.dll
File: \api-ms-win-core-util-l1-1-0.dll
File: \api-ms-win-core-timezone-l1-1-0.dll
File: \api-ms-win-core-sysinfo-l1-1-0.dll
File: \api-ms-win-core-synch-l1-2-0.dll
File: \api-ms-win-core-synch-l1-1-0.dll
File: \api-ms-win-core-string-l1-1-0.dll
File: \api-ms-win-core-rtlsupport-l1-1-0.dll
File: \api-ms-win-core-profile-l1-1-0.dll
File: \api-ms-win-core-processthreads-l1-1-1.dll
File: \api-ms-win-core-processthreads-l1-1-0.dll
File: \api-ms-win-core-processenvironment-l1-1-0.dll
File: \api-ms-win-core-namedpipe-l1-1-0.dll
File: \api-ms-win-core-memory-l1-1-0.dll
File: \api-ms-win-core-localization-l1-2-0.dll
File: \api-ms-win-core-libraryloader-l1-1-0.dll
File: \api-ms-win-core-interlocked-l1-1-0.dll
File: \api-ms-win-core-heap-l1-1-0.dll
File: \api-ms-win-core-handle-l1-1-0.dll
File: \api-ms-win-core-file-l2-1-0.dll
File: \api-ms-win-core-file-l1-2-0.dll
File: \api-ms-win-core-file-l1-1-0.dll
File: \api-ms-win-core-errorhandling-l1-1-0.dll
File: \api-ms-win-core-debug-l1-1-0.dll
File: \api-ms-win-core-datetime-l1-1-0.dll
File: \api-ms-win-core-console-l1-1-0.dll
File: \VisualElements\VisualElements_70.png
File: \VisualElements\VisualElements_150.png
